<?xml version="1.0" encoding="UTF-8"?>
<!-- Generated by org.testng.reporters.JUnitReportReporter -->
<testsuite skipped="0" hostname="ASG610578" name="runner.HomePageRunner" tests="1" failures="0" timestamp="03 Aug 2022 04:37:53 GMT" time="20.819" errors="0">
  <testcase name="runScenario" time="20.819" classname="runner.HomePageRunner"/>
</testsuite> <!-- runner.HomePageRunner -->
