<?xml version="1.0" encoding="UTF-8"?>
<!-- Generated by org.testng.reporters.JUnitReportReporter -->
<testsuite skipped="0" hostname="ASG610578" name="runner.DemoWebShopHomePageRunner" tests="1" failures="0" timestamp="01 Aug 2022 05:42:19 GMT" time="8.150" errors="0">
  <testcase name="runScenario" time="8.150" classname="runner.DemoWebShopHomePageRunner"/>
</testsuite> <!-- runner.DemoWebShopHomePageRunner -->
