<?xml version="1.0" encoding="UTF-8"?>
<!-- Generated by org.testng.reporters.JUnitReportReporter -->
<testsuite hostname="ASG612755" failures="0" tests="1" name="runner.Default" time="32.326" errors="0" timestamp="03 Aug 2022 05:29:48 GMT" skipped="0">
  <testcase classname="runner.Default" name="runScenario" time="32.326"/>
</testsuite> <!-- runner.Default -->
